<?xml version="1.0" encoding="UTF-8"?>
<!-- Generated by org.testng.reporters.JUnitReportReporter -->
<testsuite hostname="ADMIN-PC" failures="0" tests="3" name="apiStartPoints.UserTestClass" time="6.743" errors="0" timestamp="2023-05-18T13:01:26 IST" skipped="0">
  <testcase classname="apiStartPoints.UserTestClass" name="getUserDetailsById" time="0.312"/>
  <system-out/>
  <testcase classname="apiStartPoints.UserTestClass" name="getUserData" time="4.906"/>
  <system-out/>
  <testcase classname="apiStartPoints.UserTestClass" name="updateUser" time="1.525"/>
  <system-out/>
</testsuite> <!-- apiStartPoints.UserTestClass -->
